


ARM Macro Assembler    Page 1 


    1 00000000         ;/*-----------------------------------------------------
                       ----------------------------------------------------*/
    2 00000000         ;/* Holtek Semiconductor Inc.                           
                                                                           */
    3 00000000         ;/*                                                     
                                                                           */
    4 00000000         ;/* Copyright (C) Holtek Semiconductor Inc.             
                                                                           */
    5 00000000         ;/* All rights reserved.                                
                                                                           */
    6 00000000         ;/*                                                     
                                                                           */
    7 00000000         ;/*-----------------------------------------------------
                       ------------------------------------------------------
    8 00000000         ;  File Name        : startup_ht32f5xxxx_02.s
    9 00000000         ;  Version          : $Rev:: 4234         $
   10 00000000         ;  Date             : $Date:: 2019-10-16 #$
   11 00000000         ;  Description      : Startup code.
   12 00000000         ;-------------------------------------------------------
                       ----------------------------------------------------*/
   13 00000000         
   14 00000000         ;  Supported Device
   15 00000000         ;  ========================================
   16 00000000         ;   HT32F50220, HT32F50230
   17 00000000         ;   HT32F50231, HT32F50241
   18 00000000         ;   HT50F32002
   19 00000000         ;   HT32F59041
   20 00000000         ;   HF5032
   21 00000000         
   22 00000000         ;/* <<< Use Configuration Wizard in Context Menu >>>    
                                                                           */
   23 00000000         
   24 00000000         ;// <o>  HT32 Device
   25 00000000         ;//      <0=> By Project Asm Define
   26 00000000         ;//      <7=> HT32F50220/30
   27 00000000         ;//      <8=> HT32F50231/41
   28 00000000         ;//      <7=> HT50F32002
   29 00000000         ;//      <8=> HT32F59041
   30 00000000         ;//      <7=> HF5032
   31 00000000 00000000 
                       USE_HT32_CHIP_SET
                               EQU              0
   32 00000000         
   33 00000000 FFFFFFFF 
                       _HT32FWID
                               EQU              0xFFFFFFFF
   34 00000000         ;_HT32FWID           EQU     0x00050220
   35 00000000         ;_HT32FWID           EQU     0x00050230
   36 00000000         ;_HT32FWID           EQU     0x00050231
   37 00000000         ;_HT32FWID           EQU     0x00050241
   38 00000000         ;_HT32FWID           EQU     0x00032002
   39 00000000         ;_HT32FWID           EQU     0x00059041
   40 00000000         ;_HT32FWID           EQU     0x000F5032
   41 00000000         
   42 00000000 00000007 
                       HT32F50220_30
                               EQU              7
   43 00000000 00000008 
                       HT32F50231_41



ARM Macro Assembler    Page 2 


                               EQU              8
   44 00000000 00000007 
                       HT50F32002
                               EQU              7
   45 00000000 00000008 
                       HT32F59041
                               EQU              8
   46 00000000 00000007 
                       HF5032  EQU              7
   47 00000000         
   48 00000000                 IF               USE_HT32_CHIP_SET=0
   49 00000000                 ELSE
   51                          ENDIF
   52 00000000         
   53 00000000         ; Amount of memory (in bytes) allocated for Stack and He
                       ap
   54 00000000         ; Tailor those values to your application needs
   55 00000000         ;//   <o> Stack Size (in Bytes, must 8 byte aligned) <0-
                       4096:8>
   56 00000000 00000200 
                       Stack_Size
                               EQU              512
   57 00000000         
   58 00000000                 AREA             STACK, NOINIT, READWRITE, ALIGN
 = 3
   59 00000000         __HT_check_sp
   60 00000000         Stack_Mem
                               SPACE            Stack_Size
   61 00000200         __initial_sp
   62 00000200         
   63 00000200         ;//   <o>  Heap Size (in Bytes) <0-4096:8>
   64 00000200 00000000 
                       Heap_Size
                               EQU              0
   65 00000200         
   66 00000200                 AREA             HEAP, NOINIT, READWRITE, ALIGN 
= 3
   67 00000000         __HT_check_heap
   68 00000000         __heap_base
   69 00000000         Heap_Mem
                               SPACE            Heap_Size
   70 00000000         __heap_limit
   71 00000000         
   72 00000000                 PRESERVE8
   73 00000000                 THUMB
   74 00000000         
   75 00000000         ;*******************************************************
                       ************************
   76 00000000         ; Fill-up the Vector Table entries with the exceptions I
                       SR address
   77 00000000         ;*******************************************************
                       ************************
   78 00000000                 AREA             RESET, CODE, READONLY
   79 00000000                 EXPORT           __Vectors
   80 00000000 FFFFFFFF 
                       _RESERVED
                               EQU              0xFFFFFFFF
   81 00000000         __Vectors
   82 00000000 00000000        DCD              __initial_sp ; ---, 00, 0x000, 



ARM Macro Assembler    Page 3 


                                                            Top address of Stac
                                                            k
   83 00000004 00000000        DCD              Reset_Handler ; ---, 01, 0x004,
                                                             Reset Handler
   84 00000008 00000000        DCD              NMI_Handler ; -14, 02, 0x008, N
                                                            MI Handler
   85 0000000C 00000000        DCD              HardFault_Handler ; -13, 03, 0x
                                                            00C, Hard Fault Han
                                                            dler
   86 00000010 FFFFFFFF        DCD              _RESERVED   ; ---, 04, 0x010, R
                                                            eserved
   87 00000014 FFFFFFFF        DCD              _RESERVED   ; ---, 05, 0x014, R
                                                            eserved
   88 00000018 FFFFFFFF        DCD              _RESERVED   ; ---, 06, 0x018, R
                                                            eserved
   89 0000001C FFFFFFFF        DCD              _RESERVED   ; ---, 07, 0x01C, R
                                                            eserved
   90 00000020 FFFFFFFF        DCD              _HT32FWID   ; ---, 08, 0x020, R
                                                            eserved
   91 00000024 FFFFFFFF        DCD              _RESERVED   ; ---, 09, 0x024, R
                                                            eserved
   92 00000028 FFFFFFFF        DCD              _RESERVED   ; ---, 10, 0x028, R
                                                            eserved
   93 0000002C 00000000        DCD              SVC_Handler ; -05, 11, 0x02C, S
                                                            VC Handler
   94 00000030 FFFFFFFF        DCD              _RESERVED   ; ---, 12, 0x030, R
                                                            eserved
   95 00000034 FFFFFFFF        DCD              _RESERVED   ; ---, 13, 0x034, R
                                                            eserved
   96 00000038 00000000        DCD              PendSV_Handler ; -02, 14, 0x038
                                                            , PendSV Handler
   97 0000003C 00000000        DCD              SysTick_Handler ; -01, 15, 0x03
                                                            C, SysTick Handler
   98 00000040         
   99 00000040         ; External Interrupt Handler
  100 00000040 00000000        DCD              LVD_BOD_IRQHandler 
                                                            ;  00, 16, 0x040,
  101 00000044 00000000        DCD              RTC_IRQHandler 
                                                            ;  01, 17, 0x044,
  102 00000048 00000000        DCD              FLASH_IRQHandler 
                                                            ;  02, 18, 0x048,
  103 0000004C 00000000        DCD              EVWUP_IRQHandler 
                                                            ;  03, 19, 0x04C,
  104 00000050 00000000        DCD              EXTI0_1_IRQHandler 
                                                            ;  04, 20, 0x050,
  105 00000054 00000000        DCD              EXTI2_3_IRQHandler 
                                                            ;  05, 21, 0x054,
  106 00000058 00000000        DCD              EXTI4_15_IRQHandler 
                                                            ;  06, 22, 0x058,
  107 0000005C FFFFFFFF        DCD              _RESERVED   ;  07, 23, 0x05C,
  108 00000060 00000000        DCD              ADC_IRQHandler 
                                                            ;  08, 24, 0x060,
  109 00000064 FFFFFFFF        DCD              _RESERVED   ;  09, 25, 0x064,
  110 00000068                 IF               (USE_HT32_CHIP=HT32F50220_30)
  113 00000068 00000000        DCD              MCTM0_IRQHandler 
                                                            ;  10, 26, 0x068,
  114 0000006C                 ENDIF
  115 0000006C FFFFFFFF        DCD              _RESERVED   ;  11, 27, 0x06C,
  116 00000070 00000000        DCD              GPTM0_IRQHandler 



ARM Macro Assembler    Page 4 


                                                            ;  12, 28, 0x070,
  117 00000074 FFFFFFFF        DCD              _RESERVED   ;  13, 29, 0x074,
  118 00000078 FFFFFFFF        DCD              _RESERVED   ;  14, 30, 0x078,
  119 0000007C 00000000        DCD              PWM0_IRQHandler 
                                                            ;  15, 31, 0x07C,
  120 00000080 00000000        DCD              PWM1_IRQHandler 
                                                            ;  16, 32, 0x080,
  121 00000084 00000000        DCD              BFTM0_IRQHandler 
                                                            ;  17, 33, 0x084,
  122 00000088                 IF               (USE_HT32_CHIP=HT32F50220_30)
  125 00000088 00000000        DCD              BFTM1_IRQHandler 
                                                            ;  18, 34, 0x088,
  126 0000008C                 ENDIF
  127 0000008C 00000000        DCD              I2C0_IRQHandler 
                                                            ;  19, 35, 0x08C,
  128 00000090                 IF               (USE_HT32_CHIP=HT32F50220_30)
  131 00000090 00000000        DCD              I2C1_IRQHandler 
                                                            ;  20, 36, 0x090,
  132 00000094                 ENDIF
  133 00000094 00000000        DCD              SPI0_IRQHandler 
                                                            ;  21, 37, 0x094,
  134 00000098 00000000        DCD              SPI1_IRQHandler 
                                                            ;  22, 38, 0x098,
  135 0000009C                 IF               (USE_HT32_CHIP=HT32F50220_30)
  138 0000009C 00000000        DCD              USART0_IRQHandler 
                                                            ;  23, 39, 0x09C,
  139 000000A0                 ENDIF
  140 000000A0 FFFFFFFF        DCD              _RESERVED   ;  24, 40, 0x0A0,
  141 000000A4 00000000        DCD              UART0_IRQHandler 
                                                            ;  25, 41, 0x0A4,
  142 000000A8 00000000        DCD              UART1_IRQHandler 
                                                            ;  26, 42, 0x0A8,
  143 000000AC         
  144 000000AC         ; Reset handler routine
  145 000000AC         Reset_Handler
                               PROC
  146 000000AC                 EXPORT           Reset_Handler                  
 [WEAK]
  147 000000AC                 IMPORT           SystemInit
  148 000000AC                 IMPORT           __main
  149 000000AC         ;                    LDR     R0, =BootProcess
  150 000000AC         ;                    BLX     R0
  151 000000AC 481C            LDR              R0, =SystemInit
  152 000000AE 4780            BLX              R0
  153 000000B0 481C            LDR              R0, =__main
  154 000000B2 4700            BX               R0
  155 000000B4                 ENDP
  156 000000B4         
  157 000000B4         BootProcess
                               PROC
  158 000000B4 481C            LDR              R0, =0x40080300
  159 000000B6 6901            LDR              R1,[R0, #0x10]
  160 000000B8 2900            CMP              R1, #0
  161 000000BA D108            BNE              BP1
  162 000000BC 6941            LDR              R1,[R0, #0x14]
  163 000000BE 2900            CMP              R1, #0
  164 000000C0 D105            BNE              BP1
  165 000000C2 6981            LDR              R1,[R0, #0x18]
  166 000000C4 2900            CMP              R1, #0



ARM Macro Assembler    Page 5 


  167 000000C6 D102            BNE              BP1
  168 000000C8 69C1            LDR              R1,[R0, #0x1C]
  169 000000CA 2900            CMP              R1, #0
  170 000000CC D009            BEQ              BP2
  171 000000CE 4817    BP1     LDR              R0, =0x40080180
  172 000000D0 68C1            LDR              R1,[R0, #0xC]
  173 000000D2 0109            LSLS             R1, R1, #4
  174 000000D4 0D09            LSRS             R1, R1, #20
  175 000000D6 2900            CMP              R1, #0
  176 000000D8 D00E            BEQ              BP3
  177 000000DA 2905            CMP              R1, #5
  178 000000DC D00C            BEQ              BP3
  179 000000DE 2906            CMP              R1, #6
  180 000000E0 D00A            BEQ              BP3
  181 000000E2 F3BF 8F4F 
                       BP2     DSB
  182 000000E6 4812            LDR              R0, =0x20000000
  183 000000E8 4912            LDR              R1, =0x05fa0004
  184 000000EA 6001            STR              R1, [R0]
  185 000000EC 4912            LDR              R1, =0xe000ed00
  186 000000EE 4811            LDR              R0, =0x05fa0004
  187 000000F0 60C8            STR              R0, [R1, #0xC]
  188 000000F2 F3BF 8F4F       DSB
  189 000000F6 E7FE            B                .
  190 000000F8 480D    BP3     LDR              R0, =0x20000000
  191 000000FA 6801            LDR              R1, [R0]
  192 000000FC 480D            LDR              R0, =0x05fa0004
  193 000000FE 4288            CMP              R0, R1
  194 00000100 D000            BEQ              BP4
  195 00000102 4770            BX               LR
  196 00000104 480D    BP4     LDR              R0, =0x40088100
  197 00000106 490E            LDR              R1, =0x00000001
  198 00000108 6001            STR              R1, [R0]
  199 0000010A 4809            LDR              R0, =0x20000000
  200 0000010C 490D            LDR              R1, =0x0
  201 0000010E 6001            STR              R1, [R0]
  202 00000110 4770            BX               LR
  203 00000112                 ENDP
  204 00000112         
  205 00000112         ; Dummy Exception Handlers
  206 00000112         NMI_Handler
                               PROC
  207 00000112                 EXPORT           NMI_Handler                    
 [WEAK]
  208 00000112 E7FE            B                .
  209 00000114                 ENDP
  210 00000114         
  211 00000114         HardFault_Handler
                               PROC
  212 00000114                 EXPORT           HardFault_Handler              
 [WEAK]
  213 00000114 E7FE            B                .
  214 00000116                 ENDP
  215 00000116         
  216 00000116         SVC_Handler
                               PROC
  217 00000116                 EXPORT           SVC_Handler                    
 [WEAK]
  218 00000116 E7FE            B                .



ARM Macro Assembler    Page 6 


  219 00000118                 ENDP
  220 00000118         
  221 00000118         PendSV_Handler
                               PROC
  222 00000118                 EXPORT           PendSV_Handler                 
 [WEAK]
  223 00000118 E7FE            B                .
  224 0000011A                 ENDP
  225 0000011A         
  226 0000011A         SysTick_Handler
                               PROC
  227 0000011A                 EXPORT           SysTick_Handler                
 [WEAK]
  228 0000011A E7FE            B                .
  229 0000011C                 ENDP
  230 0000011C         
  231 0000011C         Default_Handler
                               PROC
  232 0000011C                 EXPORT           LVD_BOD_IRQHandler             
 [WEAK]
  233 0000011C                 EXPORT           RTC_IRQHandler                 
 [WEAK]
  234 0000011C                 EXPORT           FLASH_IRQHandler               
 [WEAK]
  235 0000011C                 EXPORT           EVWUP_IRQHandler               
 [WEAK]
  236 0000011C                 EXPORT           EXTI0_1_IRQHandler             
 [WEAK]
  237 0000011C                 EXPORT           EXTI2_3_IRQHandler             
 [WEAK]
  238 0000011C                 EXPORT           EXTI4_15_IRQHandler            
 [WEAK]
  239 0000011C                 EXPORT           ADC_IRQHandler                 
 [WEAK]
  240 0000011C                 EXPORT           MCTM0_IRQHandler               
 [WEAK]
  241 0000011C                 EXPORT           GPTM0_IRQHandler               
 [WEAK]
  242 0000011C                 EXPORT           PWM0_IRQHandler                
 [WEAK]
  243 0000011C                 EXPORT           PWM1_IRQHandler                
 [WEAK]
  244 0000011C                 EXPORT           BFTM0_IRQHandler               
 [WEAK]
  245 0000011C                 EXPORT           BFTM1_IRQHandler               
 [WEAK]
  246 0000011C                 EXPORT           I2C0_IRQHandler                
 [WEAK]
  247 0000011C                 EXPORT           I2C1_IRQHandler                
 [WEAK]
  248 0000011C                 EXPORT           SPI0_IRQHandler                
 [WEAK]
  249 0000011C                 EXPORT           SPI1_IRQHandler                
 [WEAK]
  250 0000011C                 EXPORT           USART0_IRQHandler              
 [WEAK]
  251 0000011C                 EXPORT           UART0_IRQHandler               
 [WEAK]
  252 0000011C                 EXPORT           UART1_IRQHandler               



ARM Macro Assembler    Page 7 


 [WEAK]
  253 0000011C         
  254 0000011C         LVD_BOD_IRQHandler
  255 0000011C         RTC_IRQHandler
  256 0000011C         FLASH_IRQHandler
  257 0000011C         EVWUP_IRQHandler
  258 0000011C         EXTI0_1_IRQHandler
  259 0000011C         EXTI2_3_IRQHandler
  260 0000011C         EXTI4_15_IRQHandler
  261 0000011C         ADC_IRQHandler
  262 0000011C         MCTM0_IRQHandler
  263 0000011C         GPTM0_IRQHandler
  264 0000011C         PWM0_IRQHandler
  265 0000011C         PWM1_IRQHandler
  266 0000011C         BFTM0_IRQHandler
  267 0000011C         BFTM1_IRQHandler
  268 0000011C         I2C0_IRQHandler
  269 0000011C         I2C1_IRQHandler
  270 0000011C         SPI0_IRQHandler
  271 0000011C         SPI1_IRQHandler
  272 0000011C         USART0_IRQHandler
  273 0000011C         UART0_IRQHandler
  274 0000011C         UART1_IRQHandler
  275 0000011C E7FE            B                .
  276 0000011E                 ENDP
  277 0000011E         
  278 0000011E 00 00           ALIGN
  279 00000120         
  280 00000120         ;*******************************************************
                       ************************
  281 00000120         ; User Stack and Heap initialization
  282 00000120         ;*******************************************************
                       ************************
  283 00000120                 IF               :DEF:__MICROLIB
  284 00000120         
  285 00000120                 EXPORT           __HT_check_heap
  286 00000120                 EXPORT           __HT_check_sp
  287 00000120                 EXPORT           __initial_sp
  288 00000120                 EXPORT           __heap_base
  289 00000120                 EXPORT           __heap_limit
  290 00000120         
  291 00000120                 ELSE
  305                          ENDIF
  306 00000120         
  307 00000120                 END
              00000000 
              00000000 
              40080300 
              40080180 
              20000000 
              05FA0004 
              E000ED00 
              40088100 
              00000001 
              00000000 
Command Line: --debug --xref --diag_suppress=9931 --cpu=Cortex-M0+ --apcs=inter
work --depend=.\ht32\59041\obj\startup_ht32f5xxxx_02.d -o.\ht32\59041\obj\start
up_ht32f5xxxx_02.o -I.\RTE\_Target -IC:\Keil_v5\ARM\PACK\Holtek\HT32_DFP\1.0.21
\ARM\INC\Holtek\HT32F5xxxx -IC:\Keil_v5\ARM\CMSIS\Include --predefine="__MICROL



ARM Macro Assembler    Page 8 


IB SETA 1" --predefine="__UVISION_VERSION SETA 529" --predefine="USE_HT32F59041
 SETA 1" --predefine="USE_HT32_CHIP SETA 8" --list=.\ht32\59041\list\startup_ht
32f5xxxx_02.lst startup_ht32f5xxxx_02.s



ARM Macro Assembler    Page 1 Alphabetic symbol ordering
Relocatable symbols

STACK 00000000

Symbol: STACK
   Definitions
      At line 58 in file startup_ht32f5xxxx_02.s
   Uses
      None
Comment: STACK unused
Stack_Mem 00000000

Symbol: Stack_Mem
   Definitions
      At line 60 in file startup_ht32f5xxxx_02.s
   Uses
      None
Comment: Stack_Mem unused
__HT_check_sp 00000000

Symbol: __HT_check_sp
   Definitions
      At line 59 in file startup_ht32f5xxxx_02.s
   Uses
      At line 286 in file startup_ht32f5xxxx_02.s
Comment: __HT_check_sp used once
__initial_sp 00000200

Symbol: __initial_sp
   Definitions
      At line 61 in file startup_ht32f5xxxx_02.s
   Uses
      At line 82 in file startup_ht32f5xxxx_02.s
      At line 287 in file startup_ht32f5xxxx_02.s

4 symbols



ARM Macro Assembler    Page 1 Alphabetic symbol ordering
Relocatable symbols

HEAP 00000000

Symbol: HEAP
   Definitions
      At line 66 in file startup_ht32f5xxxx_02.s
   Uses
      None
Comment: HEAP unused
Heap_Mem 00000000

Symbol: Heap_Mem
   Definitions
      At line 69 in file startup_ht32f5xxxx_02.s
   Uses
      None
Comment: Heap_Mem unused
__HT_check_heap 00000000

Symbol: __HT_check_heap
   Definitions
      At line 67 in file startup_ht32f5xxxx_02.s
   Uses
      At line 285 in file startup_ht32f5xxxx_02.s
Comment: __HT_check_heap used once
__heap_base 00000000

Symbol: __heap_base
   Definitions
      At line 68 in file startup_ht32f5xxxx_02.s
   Uses
      At line 288 in file startup_ht32f5xxxx_02.s
Comment: __heap_base used once
__heap_limit 00000000

Symbol: __heap_limit
   Definitions
      At line 70 in file startup_ht32f5xxxx_02.s
   Uses
      At line 289 in file startup_ht32f5xxxx_02.s
Comment: __heap_limit used once
5 symbols



ARM Macro Assembler    Page 1 Alphabetic symbol ordering
Relocatable symbols

ADC_IRQHandler 0000011C

Symbol: ADC_IRQHandler
   Definitions
      At line 261 in file startup_ht32f5xxxx_02.s
   Uses
      At line 108 in file startup_ht32f5xxxx_02.s
      At line 239 in file startup_ht32f5xxxx_02.s

BFTM0_IRQHandler 0000011C

Symbol: BFTM0_IRQHandler
   Definitions
      At line 266 in file startup_ht32f5xxxx_02.s
   Uses
      At line 121 in file startup_ht32f5xxxx_02.s
      At line 244 in file startup_ht32f5xxxx_02.s

BFTM1_IRQHandler 0000011C

Symbol: BFTM1_IRQHandler
   Definitions
      At line 267 in file startup_ht32f5xxxx_02.s
   Uses
      At line 125 in file startup_ht32f5xxxx_02.s
      At line 245 in file startup_ht32f5xxxx_02.s

BP1 000000CE

Symbol: BP1
   Definitions
      At line 171 in file startup_ht32f5xxxx_02.s
   Uses
      At line 161 in file startup_ht32f5xxxx_02.s
      At line 164 in file startup_ht32f5xxxx_02.s
      At line 167 in file startup_ht32f5xxxx_02.s

BP2 000000E2

Symbol: BP2
   Definitions
      At line 181 in file startup_ht32f5xxxx_02.s
   Uses
      At line 170 in file startup_ht32f5xxxx_02.s
Comment: BP2 used once
BP3 000000F8

Symbol: BP3
   Definitions
      At line 190 in file startup_ht32f5xxxx_02.s
   Uses
      At line 176 in file startup_ht32f5xxxx_02.s
      At line 178 in file startup_ht32f5xxxx_02.s
      At line 180 in file startup_ht32f5xxxx_02.s

BP4 00000104

Symbol: BP4
   Definitions



ARM Macro Assembler    Page 2 Alphabetic symbol ordering
Relocatable symbols

      At line 196 in file startup_ht32f5xxxx_02.s
   Uses
      At line 194 in file startup_ht32f5xxxx_02.s
Comment: BP4 used once
BootProcess 000000B4

Symbol: BootProcess
   Definitions
      At line 157 in file startup_ht32f5xxxx_02.s
   Uses
      None
Comment: BootProcess unused
Default_Handler 0000011C

Symbol: Default_Handler
   Definitions
      At line 231 in file startup_ht32f5xxxx_02.s
   Uses
      None
Comment: Default_Handler unused
EVWUP_IRQHandler 0000011C

Symbol: EVWUP_IRQHandler
   Definitions
      At line 257 in file startup_ht32f5xxxx_02.s
   Uses
      At line 103 in file startup_ht32f5xxxx_02.s
      At line 235 in file startup_ht32f5xxxx_02.s

EXTI0_1_IRQHandler 0000011C

Symbol: EXTI0_1_IRQHandler
   Definitions
      At line 258 in file startup_ht32f5xxxx_02.s
   Uses
      At line 104 in file startup_ht32f5xxxx_02.s
      At line 236 in file startup_ht32f5xxxx_02.s

EXTI2_3_IRQHandler 0000011C

Symbol: EXTI2_3_IRQHandler
   Definitions
      At line 259 in file startup_ht32f5xxxx_02.s
   Uses
      At line 105 in file startup_ht32f5xxxx_02.s
      At line 237 in file startup_ht32f5xxxx_02.s

EXTI4_15_IRQHandler 0000011C

Symbol: EXTI4_15_IRQHandler
   Definitions
      At line 260 in file startup_ht32f5xxxx_02.s
   Uses
      At line 106 in file startup_ht32f5xxxx_02.s
      At line 238 in file startup_ht32f5xxxx_02.s

FLASH_IRQHandler 0000011C

Symbol: FLASH_IRQHandler



ARM Macro Assembler    Page 3 Alphabetic symbol ordering
Relocatable symbols

   Definitions
      At line 256 in file startup_ht32f5xxxx_02.s
   Uses
      At line 102 in file startup_ht32f5xxxx_02.s
      At line 234 in file startup_ht32f5xxxx_02.s

GPTM0_IRQHandler 0000011C

Symbol: GPTM0_IRQHandler
   Definitions
      At line 263 in file startup_ht32f5xxxx_02.s
   Uses
      At line 116 in file startup_ht32f5xxxx_02.s
      At line 241 in file startup_ht32f5xxxx_02.s

HardFault_Handler 00000114

Symbol: HardFault_Handler
   Definitions
      At line 211 in file startup_ht32f5xxxx_02.s
   Uses
      At line 85 in file startup_ht32f5xxxx_02.s
      At line 212 in file startup_ht32f5xxxx_02.s

I2C0_IRQHandler 0000011C

Symbol: I2C0_IRQHandler
   Definitions
      At line 268 in file startup_ht32f5xxxx_02.s
   Uses
      At line 127 in file startup_ht32f5xxxx_02.s
      At line 246 in file startup_ht32f5xxxx_02.s

I2C1_IRQHandler 0000011C

Symbol: I2C1_IRQHandler
   Definitions
      At line 269 in file startup_ht32f5xxxx_02.s
   Uses
      At line 131 in file startup_ht32f5xxxx_02.s
      At line 247 in file startup_ht32f5xxxx_02.s

LVD_BOD_IRQHandler 0000011C

Symbol: LVD_BOD_IRQHandler
   Definitions
      At line 254 in file startup_ht32f5xxxx_02.s
   Uses
      At line 100 in file startup_ht32f5xxxx_02.s
      At line 232 in file startup_ht32f5xxxx_02.s

MCTM0_IRQHandler 0000011C

Symbol: MCTM0_IRQHandler
   Definitions
      At line 262 in file startup_ht32f5xxxx_02.s
   Uses
      At line 113 in file startup_ht32f5xxxx_02.s
      At line 240 in file startup_ht32f5xxxx_02.s



ARM Macro Assembler    Page 4 Alphabetic symbol ordering
Relocatable symbols


NMI_Handler 00000112

Symbol: NMI_Handler
   Definitions
      At line 206 in file startup_ht32f5xxxx_02.s
   Uses
      At line 84 in file startup_ht32f5xxxx_02.s
      At line 207 in file startup_ht32f5xxxx_02.s

PWM0_IRQHandler 0000011C

Symbol: PWM0_IRQHandler
   Definitions
      At line 264 in file startup_ht32f5xxxx_02.s
   Uses
      At line 119 in file startup_ht32f5xxxx_02.s
      At line 242 in file startup_ht32f5xxxx_02.s

PWM1_IRQHandler 0000011C

Symbol: PWM1_IRQHandler
   Definitions
      At line 265 in file startup_ht32f5xxxx_02.s
   Uses
      At line 120 in file startup_ht32f5xxxx_02.s
      At line 243 in file startup_ht32f5xxxx_02.s

PendSV_Handler 00000118

Symbol: PendSV_Handler
   Definitions
      At line 221 in file startup_ht32f5xxxx_02.s
   Uses
      At line 96 in file startup_ht32f5xxxx_02.s
      At line 222 in file startup_ht32f5xxxx_02.s

RESET 00000000

Symbol: RESET
   Definitions
      At line 78 in file startup_ht32f5xxxx_02.s
   Uses
      None
Comment: RESET unused
RTC_IRQHandler 0000011C

Symbol: RTC_IRQHandler
   Definitions
      At line 255 in file startup_ht32f5xxxx_02.s
   Uses
      At line 101 in file startup_ht32f5xxxx_02.s
      At line 233 in file startup_ht32f5xxxx_02.s

Reset_Handler 000000AC

Symbol: Reset_Handler
   Definitions
      At line 145 in file startup_ht32f5xxxx_02.s



ARM Macro Assembler    Page 5 Alphabetic symbol ordering
Relocatable symbols

   Uses
      At line 83 in file startup_ht32f5xxxx_02.s
      At line 146 in file startup_ht32f5xxxx_02.s

SPI0_IRQHandler 0000011C

Symbol: SPI0_IRQHandler
   Definitions
      At line 270 in file startup_ht32f5xxxx_02.s
   Uses
      At line 133 in file startup_ht32f5xxxx_02.s
      At line 248 in file startup_ht32f5xxxx_02.s

SPI1_IRQHandler 0000011C

Symbol: SPI1_IRQHandler
   Definitions
      At line 271 in file startup_ht32f5xxxx_02.s
   Uses
      At line 134 in file startup_ht32f5xxxx_02.s
      At line 249 in file startup_ht32f5xxxx_02.s

SVC_Handler 00000116

Symbol: SVC_Handler
   Definitions
      At line 216 in file startup_ht32f5xxxx_02.s
   Uses
      At line 93 in file startup_ht32f5xxxx_02.s
      At line 217 in file startup_ht32f5xxxx_02.s

SysTick_Handler 0000011A

Symbol: SysTick_Handler
   Definitions
      At line 226 in file startup_ht32f5xxxx_02.s
   Uses
      At line 97 in file startup_ht32f5xxxx_02.s
      At line 227 in file startup_ht32f5xxxx_02.s

UART0_IRQHandler 0000011C

Symbol: UART0_IRQHandler
   Definitions
      At line 273 in file startup_ht32f5xxxx_02.s
   Uses
      At line 141 in file startup_ht32f5xxxx_02.s
      At line 251 in file startup_ht32f5xxxx_02.s

UART1_IRQHandler 0000011C

Symbol: UART1_IRQHandler
   Definitions
      At line 274 in file startup_ht32f5xxxx_02.s
   Uses
      At line 142 in file startup_ht32f5xxxx_02.s
      At line 252 in file startup_ht32f5xxxx_02.s

USART0_IRQHandler 0000011C



ARM Macro Assembler    Page 6 Alphabetic symbol ordering
Relocatable symbols


Symbol: USART0_IRQHandler
   Definitions
      At line 272 in file startup_ht32f5xxxx_02.s
   Uses
      At line 138 in file startup_ht32f5xxxx_02.s
      At line 250 in file startup_ht32f5xxxx_02.s

__Vectors 00000000

Symbol: __Vectors
   Definitions
      At line 81 in file startup_ht32f5xxxx_02.s
   Uses
      At line 79 in file startup_ht32f5xxxx_02.s
Comment: __Vectors used once
35 symbols



ARM Macro Assembler    Page 1 Alphabetic symbol ordering
Absolute symbols

HF5032 00000007

Symbol: HF5032
   Definitions
      At line 46 in file startup_ht32f5xxxx_02.s
   Uses
      None
Comment: HF5032 unused
HT32F50220_30 00000007

Symbol: HT32F50220_30
   Definitions
      At line 42 in file startup_ht32f5xxxx_02.s
   Uses
      At line 110 in file startup_ht32f5xxxx_02.s
      At line 122 in file startup_ht32f5xxxx_02.s
      At line 128 in file startup_ht32f5xxxx_02.s
      At line 135 in file startup_ht32f5xxxx_02.s

HT32F50231_41 00000008

Symbol: HT32F50231_41
   Definitions
      At line 43 in file startup_ht32f5xxxx_02.s
   Uses
      None
Comment: HT32F50231_41 unused
HT32F59041 00000008

Symbol: HT32F59041
   Definitions
      At line 45 in file startup_ht32f5xxxx_02.s
   Uses
      None
Comment: HT32F59041 unused
HT50F32002 00000007

Symbol: HT50F32002
   Definitions
      At line 44 in file startup_ht32f5xxxx_02.s
   Uses
      None
Comment: HT50F32002 unused
Heap_Size 00000000

Symbol: Heap_Size
   Definitions
      At line 64 in file startup_ht32f5xxxx_02.s
   Uses
      At line 69 in file startup_ht32f5xxxx_02.s
Comment: Heap_Size used once
Stack_Size 00000200

Symbol: Stack_Size
   Definitions
      At line 56 in file startup_ht32f5xxxx_02.s
   Uses
      At line 60 in file startup_ht32f5xxxx_02.s
Comment: Stack_Size used once



ARM Macro Assembler    Page 2 Alphabetic symbol ordering
Absolute symbols

USE_HT32_CHIP_SET 00000000

Symbol: USE_HT32_CHIP_SET
   Definitions
      At line 31 in file startup_ht32f5xxxx_02.s
   Uses
      At line 48 in file startup_ht32f5xxxx_02.s
Comment: USE_HT32_CHIP_SET used once
_HT32FWID FFFFFFFF

Symbol: _HT32FWID
   Definitions
      At line 33 in file startup_ht32f5xxxx_02.s
   Uses
      At line 90 in file startup_ht32f5xxxx_02.s
Comment: _HT32FWID used once
_RESERVED FFFFFFFF

Symbol: _RESERVED
   Definitions
      At line 80 in file startup_ht32f5xxxx_02.s
   Uses
      At line 86 in file startup_ht32f5xxxx_02.s
      At line 87 in file startup_ht32f5xxxx_02.s
      At line 88 in file startup_ht32f5xxxx_02.s
      At line 89 in file startup_ht32f5xxxx_02.s
      At line 91 in file startup_ht32f5xxxx_02.s
      At line 92 in file startup_ht32f5xxxx_02.s
      At line 94 in file startup_ht32f5xxxx_02.s
      At line 95 in file startup_ht32f5xxxx_02.s
      At line 107 in file startup_ht32f5xxxx_02.s
      At line 109 in file startup_ht32f5xxxx_02.s
      At line 115 in file startup_ht32f5xxxx_02.s
      At line 117 in file startup_ht32f5xxxx_02.s
      At line 118 in file startup_ht32f5xxxx_02.s
      At line 140 in file startup_ht32f5xxxx_02.s

10 symbols



ARM Macro Assembler    Page 1 Alphabetic symbol ordering
External symbols

SystemInit 00000000

Symbol: SystemInit
   Definitions
      At line 147 in file startup_ht32f5xxxx_02.s
   Uses
      At line 151 in file startup_ht32f5xxxx_02.s
Comment: SystemInit used once
__main 00000000

Symbol: __main
   Definitions
      At line 148 in file startup_ht32f5xxxx_02.s
   Uses
      At line 153 in file startup_ht32f5xxxx_02.s
Comment: __main used once
2 symbols
392 symbols in table
